0 info it worked if it ends with ok
1 verbose cli [ '/usr/bin/node', '/usr/local/bin/npm', 'start' ]
2 info using npm@6.14.9
3 info using node@v10.19.0
4 verbose stack Error: Failed to parse json
4 verbose stack Unexpected token 	 in JSON at position 619 while parsing near '...uild",
4 verbose stack     "test": "	react-scripts test"...'
4 verbose stack     at parseError (/usr/local/lib/node_modules/npm/node_modules/read-package-json/read-json.js:470:11)
4 verbose stack     at parseJson (/usr/local/lib/node_modules/npm/node_modules/read-package-json/read-json.js:105:26)
4 verbose stack     at /usr/local/lib/node_modules/npm/node_modules/read-package-json/read-json.js:52:5
4 verbose stack     at /usr/local/lib/node_modules/npm/node_modules/graceful-fs/graceful-fs.js:123:16
4 verbose stack     at FSReqWrap.readFileAfterClose [as oncomplete] (internal/fs/read_file_context.js:53:3)
5 verbose cwd /home/advait/Documents/Coding/portfolio
6 verbose Linux 5.8.0-40-generic
7 verbose argv "/usr/bin/node" "/usr/local/bin/npm" "start"
8 verbose node v10.19.0
9 verbose npm  v6.14.9
10 error code EJSONPARSE
11 error file /home/advait/Documents/Coding/portfolio/package.json
12 error JSON.parse Failed to parse json
12 error JSON.parse Unexpected token 	 in JSON at position 619 while parsing near '...uild",
12 error JSON.parse     "test": "	react-scripts test"...'
13 error JSON.parse Failed to parse package.json data.
13 error JSON.parse package.json must be actual JSON, not just JavaScript.
14 verbose exit [ 1, true ]
