0 info it worked if it ends with ok
1 verbose cli [ '/usr/bin/node', '/usr/local/bin/npm', 'run', 'deploy' ]
2 info using npm@6.14.9
3 info using node@v10.19.0
4 verbose run-script [ 'predeploy', 'deploy', 'postdeploy' ]
5 info lifecycle portfolio@0.1.0~predeploy: portfolio@0.1.0
6 info lifecycle portfolio@0.1.0~deploy: portfolio@0.1.0
7 verbose lifecycle portfolio@0.1.0~deploy: unsafe-perm in lifecycle true
8 verbose lifecycle portfolio@0.1.0~deploy: PATH: /usr/local/lib/node_modules/npm/node_modules/npm-lifecycle/node-gyp-bin:/home/advait/Documents/Coding/portfolio/node_modules/.bin:/home/advait/root/root-6.22.06-install/bin:/home/advait/.local/bin:/usr/local/sbin:/usr/local/bin:/usr/sbin:/usr/bin:/sbin:/bin:/usr/games:/usr/local/games:/snap/bin
9 verbose lifecycle portfolio@0.1.0~deploy: CWD: /home/advait/Documents/Coding/portfolio
10 silly lifecycle portfolio@0.1.0~deploy: Args: [ '-c', 'gh-pages -d build' ]
11 silly lifecycle portfolio@0.1.0~deploy: Returned: code: 1  signal: null
12 info lifecycle portfolio@0.1.0~deploy: Failed to exec deploy script
13 verbose stack Error: portfolio@0.1.0 deploy: `gh-pages -d build`
13 verbose stack Exit status 1
13 verbose stack     at EventEmitter.<anonymous> (/usr/local/lib/node_modules/npm/node_modules/npm-lifecycle/index.js:332:16)
13 verbose stack     at EventEmitter.emit (events.js:198:13)
13 verbose stack     at ChildProcess.<anonymous> (/usr/local/lib/node_modules/npm/node_modules/npm-lifecycle/lib/spawn.js:55:14)
13 verbose stack     at ChildProcess.emit (events.js:198:13)
13 verbose stack     at maybeClose (internal/child_process.js:982:16)
13 verbose stack     at Process.ChildProcess._handle.onexit (internal/child_process.js:259:5)
14 verbose pkgid portfolio@0.1.0
15 verbose cwd /home/advait/Documents/Coding/portfolio
16 verbose Linux 5.8.0-36-generic
17 verbose argv "/usr/bin/node" "/usr/local/bin/npm" "run" "deploy"
18 verbose node v10.19.0
19 verbose npm  v6.14.9
20 error code ELIFECYCLE
21 error errno 1
22 error portfolio@0.1.0 deploy: `gh-pages -d build`
22 error Exit status 1
23 error Failed at the portfolio@0.1.0 deploy script.
23 error This is probably not a problem with npm. There is likely additional logging output above.
24 verbose exit [ 1, true ]
